  Camera.cpp
C:\dev\Personal\OpenGL\Light.h(122,1): warning C4267: 'argument': conversion from 'size_t' to 'int', possible loss of data
C:\dev\Personal\OpenGL\Light.h(123,1): warning C4267: 'argument': conversion from 'size_t' to 'int', possible loss of data
C:\dev\Personal\OpenGL\Light.h(124,1): warning C4267: 'argument': conversion from 'size_t' to 'int', possible loss of data
  gl_buffers.cpp
C:\dev\Personal\OpenGL\Light.h(122,1): warning C4267: 'argument': conversion from 'size_t' to 'int', possible loss of data
C:\dev\Personal\OpenGL\Light.h(123,1): warning C4267: 'argument': conversion from 'size_t' to 'int', possible loss of data
C:\dev\Personal\OpenGL\Light.h(124,1): warning C4267: 'argument': conversion from 'size_t' to 'int', possible loss of data
  main.cpp
C:\dev\Personal\OpenGL\Light.h(122,1): warning C4267: 'argument': conversion from 'size_t' to 'int', possible loss of data
C:\dev\Personal\OpenGL\Light.h(123,1): warning C4267: 'argument': conversion from 'size_t' to 'int', possible loss of data
C:\dev\Personal\OpenGL\Light.h(124,1): warning C4267: 'argument': conversion from 'size_t' to 'int', possible loss of data
C:\dev\Personal\OpenGL\main.cpp(61,22): warning C4244: 'initializing': conversion from 'double' to 'float', possible loss of data
C:\dev\Personal\OpenGL\main.cpp(135,11): warning C4244: '=': conversion from 'double' to 'float', possible loss of data
C:\dev\Personal\OpenGL\main.cpp(136,11): warning C4244: '=': conversion from 'double' to 'float', possible loss of data
C:\dev\Personal\OpenGL\main.cpp(140,16): warning C4244: 'initializing': conversion from 'double' to 'float', possible loss of data
C:\dev\Personal\OpenGL\main.cpp(141,16): warning C4244: 'initializing': conversion from 'double' to 'float', possible loss of data
C:\dev\Personal\OpenGL\main.cpp(142,10): warning C4244: '=': conversion from 'double' to 'float', possible loss of data
C:\dev\Personal\OpenGL\main.cpp(143,10): warning C4244: '=': conversion from 'double' to 'float', possible loss of data
  mesh.cpp
C:\dev\Personal\OpenGL\Light.h(122,1): warning C4267: 'argument': conversion from 'size_t' to 'int', possible loss of data
C:\dev\Personal\OpenGL\Light.h(123,1): warning C4267: 'argument': conversion from 'size_t' to 'int', possible loss of data
C:\dev\Personal\OpenGL\Light.h(124,1): warning C4267: 'argument': conversion from 'size_t' to 'int', possible loss of data
C:\dev\Personal\OpenGL\mesh.cpp(109,31): warning C4267: '=': conversion from 'size_t' to 'unsigned int', possible loss of data
C:\dev\Personal\OpenGL\mesh.cpp(246,21): warning C4018: '<=': signed/unsigned mismatch
C:\dev\Personal\OpenGL\mesh.cpp(248,22): warning C4018: '<=': signed/unsigned mismatch
C:\dev\Personal\OpenGL\mesh.cpp(263,31): warning C4267: '=': conversion from 'size_t' to 'unsigned int', possible loss of data
  model.cpp
C:\dev\Personal\OpenGL\Light.h(122,1): warning C4267: 'argument': conversion from 'size_t' to 'int', possible loss of data
C:\dev\Personal\OpenGL\Light.h(123,1): warning C4267: 'argument': conversion from 'size_t' to 'int', possible loss of data
C:\dev\Personal\OpenGL\Light.h(124,1): warning C4267: 'argument': conversion from 'size_t' to 'int', possible loss of data
  shader.cpp
C:\dev\Personal\OpenGL\Light.h(122,1): warning C4267: 'argument': conversion from 'size_t' to 'int', possible loss of data
C:\dev\Personal\OpenGL\Light.h(123,1): warning C4267: 'argument': conversion from 'size_t' to 'int', possible loss of data
C:\dev\Personal\OpenGL\Light.h(124,1): warning C4267: 'argument': conversion from 'size_t' to 'int', possible loss of data
C:\dev\Personal\OpenGL\shader.cpp(105,69): warning C4267: 'argument': conversion from 'size_t' to 'GLint', possible loss of data
C:\dev\Personal\OpenGL\shader.cpp(108,40): warning C4267: 'argument': conversion from 'size_t' to 'GLenum', possible loss of data
  texture.cpp
C:\dev\Personal\OpenGL\Light.h(122,1): warning C4267: 'argument': conversion from 'size_t' to 'int', possible loss of data
C:\dev\Personal\OpenGL\Light.h(123,1): warning C4267: 'argument': conversion from 'size_t' to 'int', possible loss of data
C:\dev\Personal\OpenGL\Light.h(124,1): warning C4267: 'argument': conversion from 'size_t' to 'int', possible loss of data
  Generating Code...
  OpenGL.vcxproj -> C:\dev\Personal\OpenGL\x64\Debug\OpenGL.exe
